#
# A fatal error has been detected by the Java Runtime Environment:
#
#  SIGSEGV (0xb) at pc=0x0000000107280598, pid=19631, tid=775
#
# JRE version: Java(TM) SE Runtime Environment (8.0_60-b27) (build 1.8.0_60-b27)
# Java VM: Java HotSpot(TM) 64-Bit Server VM (25.60-b23 mixed mode bsd-amd64 compressed oops)
# Problematic frame:
# V  [libjvm.dylib+0x480598]  SR_handler(int, __siginfo*, __darwin_ucontext*)+0x2e
#
# Failed to write core dump. Core dumps have been disabled. To enable core dumping, try "ulimit -c unlimited" before starting Java again
#
# If you would like to submit a bug report, please visit:
#   http://bugreport.java.com/bugreport/crash.jsp
#

---------------  T H R E A D  ---------------

Current thread is native thread

siginfo: si_signo: 11 (SIGSEGV), si_code: 1 (SEGV_MAPERR), si_addr: 0x0000000000000128

Registers:
RAX=0x0000000000000000, RBX=0x00007fff59821e10, RCX=0x00007fffcb2c9408, RDX=0x00007fff59821e10
RSP=0x00007fff59821940, RBP=0x00007fff59821970, RSI=0x00007fff59821da8, RDI=0x0000000000000103
R8 =0x00007fff59821e10, R9 =0x00000000ffffffff, R10=0x0000000000000c00, R11=0x0000000000000206
R12=0x0000000000000c00, R13=0x0000000000000000, R14=0x00007fff59821da8, R15=0x0000000000000002
RIP=0x0000000107280598, EFLAGS=0x0000000000010202, ERR=0x0000000000000004
  TRAPNO=0x000000000000000e

Top of Stack: (sp=0x00007fff59821940)
0x00007fff59821940:   0000000000000000 00007fff59821e10
0x00007fff59821950:   0000000000000c00 0000000000000000
0x00007fff59821960:   00007fff59822040 0000000000000d03
0x00007fff59821970:   00007fff59821980 00007fffc25beb3a
0x00007fff59821980:   00007fff59821f10 0000000000019e00
0x00007fff59821990:   00019f00c7c52978 00007fffcb15f2d0
0x00007fff598219a0:   0100001f00000085 00007fffcb29bb18
0x00007fff598219b0:   0000000010004005 00000000ffffffff
0x00007fff598219c0:   00007fff59821ec8 0000000000000000
0x00007fff598219d0:   00007fff59822040 0000000007000806
0x00007fff598219e0:   00007fff59821f10 00007fff59821ec8
0x00007fff598219f0:   0000000000000d03 00000000ffffffff
0x00007fff59821a00:   0000000000000c00 0000000000000206
0x00007fff59821a10:   0000000000000c00 0000000000000000
0x00007fff59821a20:   00007fff59822040 0000000000000d03
0x00007fff59821a30:   00007fffc24d634a 0000000000000206
0x00007fff59821a40:   0000000000000007 0000000000000000
0x00007fff59821a50:   0000000000000000 0000000000000000
0x00007fff59821a60:   000000000000037f 0000000000000000
0x00007fff59821a70:   0000000000000000 0000ffff00001fa0
0x00007fff59821a80:   000000000002cd37 000000000000ffff
0x00007fff59821a90:   0001ffffed351bef 000000000000ffff
0x00007fff59821aa0:   000000000001ffff 000000000000ffff
0x00007fff59821ab0:   0000000000000000 0000000000000000
0x00007fff59821ac0:   0000000000000000 0000000000000000
0x00007fff59821ad0:   00000000ff73ff9c 000000000000ffff
0x00007fff59821ae0:   000000000e5fa880 000000000000ffff
0x00007fff59821af0:   00000000ff700000 000000000000ffff
0x00007fff59821b00:   41befeda59649396 0000000000000000
0x00007fff59821b10:   3fd924e592967019 0000000000000000
0x00007fff59821b20:   c3de3f0f8663c8ed 439c0f0799c37136
0x00007fff59821b30:   0000000000000000 0000000000000000 

Instructions: (pc=0x0000000107280598)
0x0000000107280578:   83 ec 08 48 89 d3 49 89 f6 e8 84 fe 13 00 44 8b
0x0000000107280588:   38 48 8d 05 40 8a 3a 00 48 63 38 e8 4e 01 14 00
0x0000000107280598:   4c 8b a0 28 01 00 00 41 83 7c 24 34 01 0f 85 e2
0x00000001072805a8:   00 00 00 49 89 5c 24 40 4d 89 74 24 38 49 8d 5c 

Register to memory mapping:

RAX=0x0000000000000000 is an unknown value
RBX=0x00007fff59821e10 is an unknown value
RCX=0x00007fffcb2c9408: _thread+0x48 in /usr/lib/system/libsystem_pthread.dylib at 0x00007fffc25c5000
RDX=0x00007fff59821e10 is an unknown value
RSP=0x00007fff59821940 is an unknown value
RBP=0x00007fff59821970 is an unknown value
RSI=0x00007fff59821da8 is an unknown value
RDI=0x0000000000000103 is an unknown value
R8 =0x00007fff59821e10 is an unknown value
R9 =0x00000000ffffffff is an unknown value
R10=0x0000000000000c00 is an unknown value
R11=0x0000000000000206 is an unknown value
R12=0x0000000000000c00 is an unknown value
R13=0x0000000000000000 is an unknown value
R14=0x00007fff59821da8 is an unknown value
R15=0x0000000000000002 is an unknown value


Stack: [0x00007fff59026000,0x00007fff59826000],  sp=0x00007fff59821940,  free space=8174k
Native frames: (J=compiled Java code, j=interpreted, Vv=VM code, C=native code)
V  [libjvm.dylib+0x480598]  SR_handler(int, __siginfo*, __darwin_ucontext*)+0x2e
C  [libsystem_platform.dylib+0x2b3a]  _sigtramp+0x1a
C  0x0000000000019e00
C  [CoreFoundation+0x88434]  __CFRunLoopServiceMachPort+0xd4
C  [CoreFoundation+0x878c1]  __CFRunLoopRun+0x551
C  [CoreFoundation+0x87114]  CFRunLoopRunSpecific+0x1a4
C  [java+0x6463]  CreateExecutionEnvironment+0x367
C  [java+0x21ac]  JLI_Launch+0x7a0
C  [java+0x84c0]  main+0x65
C  [java+0x1a04]  start+0x34


---------------  P R O C E S S  ---------------

VM state:not at safepoint (normal execution)

VM Mutex/Monitor currently owned by a thread: None

Heap:
 PSYoungGen      total 76288K, used 5243K [0x000000076ab00000, 0x0000000770000000, 0x00000007c0000000)
  eden space 65536K, 8% used [0x000000076ab00000,0x000000076b01edd0,0x000000076eb00000)
  from space 10752K, 0% used [0x000000076f580000,0x000000076f580000,0x0000000770000000)
  to   space 10752K, 0% used [0x000000076eb00000,0x000000076eb00000,0x000000076f580000)
 ParOldGen       total 175104K, used 0K [0x00000006c0000000, 0x00000006cab00000, 0x000000076ab00000)
  object space 175104K, 0% used [0x00000006c0000000,0x00000006c0000000,0x00000006cab00000)
 Metaspace       used 3028K, capacity 4688K, committed 4864K, reserved 1056768K
  class space    used 312K, capacity 392K, committed 512K, reserved 1048576K

Card table byte_map: [0x0000000108149000,0x000000010894a000] byte_map_base: 0x0000000104b49000

Marking Bits: (ParMarkBitMap*) 0x00000001076dee20
 Begin Bits: [0x000000011b7ca000, 0x000000011f7ca000)
 End Bits:   [0x000000011f7ca000, 0x00000001237ca000)

Polling page: 0x0000000106553000

CodeCache: size=245760Kb used=1117Kb max_used=1128Kb free=244642Kb
 bounds [0x000000010c7ca000, 0x000000010ca3a000, 0x000000011b7ca000]
 total_blobs=272 nmethods=34 adapters=152
 compilation: enabled

Compilation events (10 events):
Event: 0.137 Thread 0x00007ff21e0ae000   30       3       java.util.HashMap$Node::<init> (26 bytes)
Event: 0.137 Thread 0x00007ff21e0ae000 nmethod 30 0x000000010c8dfb50 code [0x000000010c8dfcc0, 0x000000010c8dfeb0]
Event: 0.137 Thread 0x00007ff21e0ae000   31       3       java.util.HashMap::newNode (13 bytes)
Event: 0.137 Thread 0x00007ff21e0ae000 nmethod 31 0x000000010c8dff90 code [0x000000010c8e0100, 0x000000010c8e03b0]
Event: 0.137 Thread 0x00007ff21e0ae000   32       3       java.util.HashMap::afterNodeInsertion (1 bytes)
Event: 0.137 Thread 0x00007ff21e0ae000 nmethod 32 0x000000010c8e04d0 code [0x000000010c8e0620, 0x000000010c8e0770]
Event: 0.139 Thread 0x00007ff21e061000   33       4       java.lang.String::hashCode (55 bytes)
Event: 0.140 Thread 0x00007ff21e0ae000   34       3       java.lang.AbstractStringBuilder::append (50 bytes)
Event: 0.140 Thread 0x00007ff21e0ae000 nmethod 34 0x000000010c8e07d0 code [0x000000010c8e0980, 0x000000010c8e0e88]
Event: 0.142 Thread 0x00007ff21e061000 nmethod 33 0x000000010c8e3fd0 code [0x000000010c8e4120, 0x000000010c8e4298]

GC Heap History (0 events):
No events

Deoptimization events (0 events):
No events

Internal exceptions (2 events):
Event: 0.049 Thread 0x00007ff21d803000 Exception <a 'java/lang/NoSuchMethodError': Method sun.misc.Unsafe.defineClass(Ljava/lang/String;[BII)Ljava/lang/Class; name or signature does not match> (0x000000076ab12d80) thrown at [/Users/java_re/workspace/8-2-build-macosx-x86_64/jdk8u60/4407/hotspot
Event: 0.049 Thread 0x00007ff21d803000 Exception <a 'java/lang/NoSuchMethodError': Method sun.misc.Unsafe.prefetchRead(Ljava/lang/Object;J)V name or signature does not match> (0x000000076ab13068) thrown at [/Users/java_re/workspace/8-2-build-macosx-x86_64/jdk8u60/4407/hotspot/src/share/vm/prim

Events (10 events):
Event: 0.139 loading class java/util/regex/Pattern$TreeInfo
Event: 0.139 loading class java/util/regex/Pattern$TreeInfo done
Event: 0.139 loading class java/util/ArrayList$Itr
Event: 0.139 loading class java/util/ArrayList$Itr done
Event: 0.139 loading class edu/stanford/nlp/ie/NERServer$NERClient
Event: 0.139 loading class edu/stanford/nlp/ie/NERServer$NERClient done
Event: 0.140 loading class java/net/UnknownHostException
Event: 0.140 loading class java/net/UnknownHostException done
Event: 4.133 Executing VM operation: EnableBiasedLocking
Event: 4.133 Executing VM operation: EnableBiasedLocking done


Dynamic libraries:
0x0000000037838000 	/System/Library/Frameworks/Cocoa.framework/Versions/A/Cocoa
0x0000000037838000 	/System/Library/Frameworks/Security.framework/Versions/A/Security
0x0000000037838000 	/System/Library/Frameworks/ApplicationServices.framework/Versions/A/ApplicationServices
0x0000000037838000 	/usr/lib/libz.1.dylib
0x0000000037838000 	/usr/lib/libSystem.B.dylib
0x0000000037838000 	/usr/lib/libobjc.A.dylib
0x0000000037838000 	/System/Library/Frameworks/CoreFoundation.framework/Versions/A/CoreFoundation
0x0000000037838000 	/System/Library/Frameworks/Foundation.framework/Versions/C/Foundation
0x0000000037838000 	/System/Library/Frameworks/AppKit.framework/Versions/C/AppKit
0x0000000037838000 	/System/Library/Frameworks/CoreData.framework/Versions/A/CoreData
0x0000000037838000 	/System/Library/PrivateFrameworks/RemoteViewServices.framework/Versions/A/RemoteViewServices
0x0000000037838000 	/System/Library/PrivateFrameworks/UIFoundation.framework/Versions/A/UIFoundation
0x0000000037838000 	/System/Library/PrivateFrameworks/DFRFoundation.framework/Versions/A/DFRFoundation
0x0000000037838000 	/usr/lib/libenergytrace.dylib
0x0000000037838000 	/System/Library/PrivateFrameworks/SkyLight.framework/Versions/A/SkyLight
0x0000000037838000 	/System/Library/Frameworks/CoreGraphics.framework/Versions/A/CoreGraphics
0x0000000037838000 	/usr/lib/libScreenReader.dylib
0x0000000037838000 	/System/Library/Frameworks/Accelerate.framework/Versions/A/Accelerate
0x0000000037838000 	/System/Library/Frameworks/IOSurface.framework/Versions/A/IOSurface
0x0000000037838000 	/System/Library/Frameworks/AudioToolbox.framework/Versions/A/AudioToolbox
0x0000000037838000 	/System/Library/Frameworks/AudioUnit.framework/Versions/A/AudioUnit
0x0000000037838000 	/System/Library/PrivateFrameworks/DataDetectorsCore.framework/Versions/A/DataDetectorsCore
0x0000000037838000 	/System/Library/PrivateFrameworks/DesktopServicesPriv.framework/Versions/A/DesktopServicesPriv
0x0000000037838000 	/System/Library/Frameworks/Carbon.framework/Versions/A/Frameworks/HIToolbox.framework/Versions/A/HIToolbox
0x0000000037838000 	/usr/lib/libicucore.A.dylib
0x0000000037838000 	/System/Library/Frameworks/QuartzCore.framework/Versions/A/QuartzCore
0x0000000037838000 	/System/Library/Frameworks/Carbon.framework/Versions/A/Frameworks/SpeechRecognition.framework/Versions/A/SpeechRecognition
0x0000000037838000 	/usr/lib/libauto.dylib
0x0000000037838000 	/usr/lib/libxml2.2.dylib
0x0000000037838000 	/System/Library/PrivateFrameworks/CoreUI.framework/Versions/A/CoreUI
0x0000000037838000 	/System/Library/Frameworks/CoreAudio.framework/Versions/A/CoreAudio
0x0000000037838000 	/System/Library/Frameworks/DiskArbitration.framework/Versions/A/DiskArbitration
0x0000000037838000 	/usr/lib/liblangid.dylib
0x0000000037838000 	/System/Library/PrivateFrameworks/MultitouchSupport.framework/Versions/A/MultitouchSupport
0x0000000037838000 	/System/Library/Frameworks/IOKit.framework/Versions/A/IOKit
0x0000000037838000 	/usr/lib/libDiagnosticMessagesClient.dylib
0x0000000037838000 	/System/Library/Frameworks/CoreServices.framework/Versions/A/CoreServices
0x0000000037838000 	/System/Library/PrivateFrameworks/PerformanceAnalysis.framework/Versions/A/PerformanceAnalysis
0x0000000037838000 	/System/Library/PrivateFrameworks/GenerationalStorage.framework/Versions/A/GenerationalStorage
0x0000000037838000 	/System/Library/Frameworks/OpenGL.framework/Versions/A/OpenGL
0x0000000037838000 	/System/Library/Frameworks/CoreImage.framework/Versions/A/CoreImage
0x0000000037838000 	/System/Library/Frameworks/CoreText.framework/Versions/A/CoreText
0x0000000037838000 	/System/Library/Frameworks/ImageIO.framework/Versions/A/ImageIO
0x0000000037838000 	/System/Library/PrivateFrameworks/Backup.framework/Versions/A/Backup
0x0000000037838000 	/usr/lib/libarchive.2.dylib
0x0000000037838000 	/System/Library/Frameworks/CFNetwork.framework/Versions/A/CFNetwork
0x0000000037838000 	/System/Library/Frameworks/SystemConfiguration.framework/Versions/A/SystemConfiguration
0x0000000037838000 	/usr/lib/libCRFSuite.dylib
0x0000000037838000 	/usr/lib/libc++.1.dylib
0x0000000037838000 	/usr/lib/libc++abi.dylib
0x0000000037838000 	/usr/lib/system/libcache.dylib
0x0000000037838000 	/usr/lib/system/libcommonCrypto.dylib
0x0000000037838000 	/usr/lib/system/libcompiler_rt.dylib
0x0000000037838000 	/usr/lib/system/libcopyfile.dylib
0x0000000037838000 	/usr/lib/system/libcorecrypto.dylib
0x0000000037838000 	/usr/lib/system/libdispatch.dylib
0x0000000037838000 	/usr/lib/system/libdyld.dylib
0x0000000037838000 	/usr/lib/system/libkeymgr.dylib
0x0000000037838000 	/usr/lib/system/liblaunch.dylib
0x0000000037838000 	/usr/lib/system/libmacho.dylib
0x0000000037838000 	/usr/lib/system/libquarantine.dylib
0x0000000037838000 	/usr/lib/system/libremovefile.dylib
0x0000000037838000 	/usr/lib/system/libsystem_asl.dylib
0x0000000037838000 	/usr/lib/system/libsystem_blocks.dylib
0x0000000037838000 	/usr/lib/system/libsystem_c.dylib
0x0000000037838000 	/usr/lib/system/libsystem_configuration.dylib
0x0000000037838000 	/usr/lib/system/libsystem_coreservices.dylib
0x0000000037838000 	/usr/lib/system/libsystem_coretls.dylib
0x0000000037838000 	/usr/lib/system/libsystem_dnssd.dylib
0x0000000037838000 	/usr/lib/system/libsystem_info.dylib
0x0000000037838000 	/usr/lib/system/libsystem_kernel.dylib
0x0000000037838000 	/usr/lib/system/libsystem_m.dylib
0x0000000037838000 	/usr/lib/system/libsystem_malloc.dylib
0x0000000037838000 	/usr/lib/system/libsystem_network.dylib
0x0000000037838000 	/usr/lib/system/libsystem_networkextension.dylib
0x0000000037838000 	/usr/lib/system/libsystem_notify.dylib
0x0000000037838000 	/usr/lib/system/libsystem_platform.dylib
0x0000000037838000 	/usr/lib/system/libsystem_pthread.dylib
0x0000000037838000 	/usr/lib/system/libsystem_sandbox.dylib
0x0000000037838000 	/usr/lib/system/libsystem_secinit.dylib
0x0000000037838000 	/usr/lib/system/libsystem_symptoms.dylib
0x0000000037838000 	/usr/lib/system/libsystem_trace.dylib
0x0000000037838000 	/usr/lib/system/libunwind.dylib
0x0000000037838000 	/usr/lib/system/libxpc.dylib
0x0000000037838000 	/usr/lib/libbsm.0.dylib
0x0000000037838000 	/usr/lib/system/libkxld.dylib
0x0000000037838000 	/usr/lib/libcoretls.dylib
0x0000000037838000 	/usr/lib/libcoretls_cfhelpers.dylib
0x0000000037838000 	/usr/lib/libOpenScriptingUtil.dylib
0x0000000037838000 	/usr/lib/libpam.2.dylib
0x0000000037838000 	/usr/lib/libsqlite3.dylib
0x0000000037838000 	/usr/lib/libxar.1.dylib
0x0000000037838000 	/usr/lib/libbz2.1.0.dylib
0x0000000037838000 	/usr/lib/liblzma.5.dylib
0x0000000037838000 	/usr/lib/libnetwork.dylib
0x0000000037838000 	/usr/lib/libpcap.A.dylib
0x0000000037838000 	/System/Library/Frameworks/CoreServices.framework/Versions/A/Frameworks/FSEvents.framework/Versions/A/FSEvents
0x0000000037838000 	/System/Library/Frameworks/CoreServices.framework/Versions/A/Frameworks/CarbonCore.framework/Versions/A/CarbonCore
0x0000000037838000 	/System/Library/Frameworks/CoreServices.framework/Versions/A/Frameworks/Metadata.framework/Versions/A/Metadata
0x0000000037838000 	/System/Library/Frameworks/CoreServices.framework/Versions/A/Frameworks/OSServices.framework/Versions/A/OSServices
0x0000000037838000 	/System/Library/Frameworks/CoreServices.framework/Versions/A/Frameworks/SearchKit.framework/Versions/A/SearchKit
0x0000000037838000 	/System/Library/Frameworks/CoreServices.framework/Versions/A/Frameworks/AE.framework/Versions/A/AE
0x0000000037838000 	/System/Library/Frameworks/CoreServices.framework/Versions/A/Frameworks/LaunchServices.framework/Versions/A/LaunchServices
0x0000000037838000 	/System/Library/Frameworks/CoreServices.framework/Versions/A/Frameworks/DictionaryServices.framework/Versions/A/DictionaryServices
0x0000000037838000 	/System/Library/Frameworks/CoreServices.framework/Versions/A/Frameworks/SharedFileList.framework/Versions/A/SharedFileList
0x0000000037838000 	/System/Library/Frameworks/NetFS.framework/Versions/A/NetFS
0x0000000037838000 	/System/Library/PrivateFrameworks/NetAuth.framework/Versions/A/NetAuth
0x0000000037838000 	/System/Library/PrivateFrameworks/login.framework/Versions/A/Frameworks/loginsupport.framework/Versions/A/loginsupport
0x0000000037838000 	/System/Library/PrivateFrameworks/TCC.framework/Versions/A/TCC
0x0000000037838000 	/usr/lib/libmecabra.dylib
0x0000000037838000 	/System/Library/Frameworks/ApplicationServices.framework/Versions/A/Frameworks/ATS.framework/Versions/A/ATS
0x0000000037838000 	/System/Library/Frameworks/ApplicationServices.framework/Versions/A/Frameworks/ColorSync.framework/Versions/A/ColorSync
0x0000000037838000 	/System/Library/Frameworks/ApplicationServices.framework/Versions/A/Frameworks/HIServices.framework/Versions/A/HIServices
0x0000000037838000 	/System/Library/Frameworks/ApplicationServices.framework/Versions/A/Frameworks/LangAnalysis.framework/Versions/A/LangAnalysis
0x0000000037838000 	/System/Library/Frameworks/ApplicationServices.framework/Versions/A/Frameworks/PrintCore.framework/Versions/A/PrintCore
0x0000000037838000 	/System/Library/Frameworks/ApplicationServices.framework/Versions/A/Frameworks/QD.framework/Versions/A/QD
0x0000000037838000 	/System/Library/Frameworks/ApplicationServices.framework/Versions/A/Frameworks/SpeechSynthesis.framework/Versions/A/SpeechSynthesis
0x0000000037838000 	/System/Library/Frameworks/Accelerate.framework/Versions/A/Frameworks/vImage.framework/Versions/A/vImage
0x0000000037838000 	/System/Library/Frameworks/Accelerate.framework/Versions/A/Frameworks/vecLib.framework/Versions/A/vecLib
0x0000000037838000 	/System/Library/Frameworks/Accelerate.framework/Versions/A/Frameworks/vecLib.framework/Versions/A/libvDSP.dylib
0x0000000037838000 	/System/Library/Frameworks/Accelerate.framework/Versions/A/Frameworks/vecLib.framework/Versions/A/libBNNS.dylib
0x0000000037838000 	/System/Library/Frameworks/Accelerate.framework/Versions/A/Frameworks/vecLib.framework/Versions/A/libQuadrature.dylib
0x0000000037838000 	/System/Library/Frameworks/Accelerate.framework/Versions/A/Frameworks/vecLib.framework/Versions/A/libvMisc.dylib
0x0000000037838000 	/System/Library/Frameworks/Accelerate.framework/Versions/A/Frameworks/vecLib.framework/Versions/A/libLAPACK.dylib
0x0000000037838000 	/System/Library/Frameworks/Accelerate.framework/Versions/A/Frameworks/vecLib.framework/Versions/A/libBLAS.dylib
0x0000000037838000 	/System/Library/Frameworks/Accelerate.framework/Versions/A/Frameworks/vecLib.framework/Versions/A/libLinearAlgebra.dylib
0x0000000037838000 	/System/Library/Frameworks/Accelerate.framework/Versions/A/Frameworks/vecLib.framework/Versions/A/libSparseBLAS.dylib
0x0000000037838000 	/System/Library/Frameworks/ApplicationServices.framework/Versions/A/Frameworks/ATS.framework/Versions/A/Resources/libFontParser.dylib
0x0000000037838000 	/System/Library/Frameworks/ApplicationServices.framework/Versions/A/Frameworks/ATS.framework/Versions/A/Resources/libFontRegistry.dylib
0x0000000037838000 	/System/Library/Frameworks/ImageIO.framework/Versions/A/Resources/libJPEG.dylib
0x0000000037838000 	/System/Library/Frameworks/ImageIO.framework/Versions/A/Resources/libTIFF.dylib
0x0000000037838000 	/System/Library/Frameworks/ImageIO.framework/Versions/A/Resources/libPng.dylib
0x0000000037838000 	/System/Library/Frameworks/ImageIO.framework/Versions/A/Resources/libGIF.dylib
0x0000000037838000 	/System/Library/Frameworks/ImageIO.framework/Versions/A/Resources/libJP2.dylib
0x0000000037838000 	/System/Library/Frameworks/ImageIO.framework/Versions/A/Resources/libRadiance.dylib
0x0000000037838000 	/usr/lib/libcompression.dylib
0x0000000037838000 	/System/Library/PrivateFrameworks/AppleJPEG.framework/Versions/A/AppleJPEG
0x0000000037838000 	/usr/lib/libcups.2.dylib
0x0000000037838000 	/System/Library/Frameworks/Kerberos.framework/Versions/A/Kerberos
0x0000000037838000 	/System/Library/Frameworks/GSS.framework/Versions/A/GSS
0x0000000037838000 	/usr/lib/libresolv.9.dylib
0x0000000037838000 	/usr/lib/libiconv.2.dylib
0x0000000037838000 	/System/Library/PrivateFrameworks/Heimdal.framework/Versions/A/Heimdal
0x0000000037838000 	/usr/lib/libheimdal-asn1.dylib
0x0000000037838000 	/System/Library/Frameworks/OpenDirectory.framework/Versions/A/OpenDirectory
0x0000000037838000 	/System/Library/PrivateFrameworks/CommonAuth.framework/Versions/A/CommonAuth
0x0000000037838000 	/System/Library/Frameworks/OpenDirectory.framework/Versions/A/Frameworks/CFOpenDirectory.framework/Versions/A/CFOpenDirectory
0x0000000037838000 	/System/Library/Frameworks/SecurityFoundation.framework/Versions/A/SecurityFoundation
0x0000000037838000 	/System/Library/PrivateFrameworks/LanguageModeling.framework/Versions/A/LanguageModeling
0x0000000037838000 	/usr/lib/libmarisa.dylib
0x0000000037838000 	/usr/lib/libChineseTokenizer.dylib
0x0000000037838000 	/usr/lib/libcmph.dylib
0x0000000037838000 	/System/Library/PrivateFrameworks/CoreEmoji.framework/Versions/A/CoreEmoji
0x0000000037838000 	/System/Library/Frameworks/ServiceManagement.framework/Versions/A/ServiceManagement
0x0000000037838000 	/usr/lib/libxslt.1.dylib
0x0000000037838000 	/System/Library/Frameworks/Carbon.framework/Versions/A/Frameworks/Ink.framework/Versions/A/Ink
0x0000000037838000 	/System/Library/PrivateFrameworks/TextureIO.framework/Versions/A/TextureIO
0x0000000037838000 	/System/Library/Frameworks/Metal.framework/Versions/A/Metal
0x0000000037838000 	/usr/lib/libate.dylib
0x0000000037838000 	/System/Library/PrivateFrameworks/GPUCompiler.framework/libmetal_timestamp.dylib
0x0000000037838000 	/System/Library/Frameworks/OpenGL.framework/Versions/A/Libraries/libCoreFSCache.dylib
0x0000000037838000 	/System/Library/PrivateFrameworks/IOAccelerator.framework/Versions/A/IOAccelerator
0x0000000037838000 	/System/Library/Frameworks/CoreVideo.framework/Versions/A/CoreVideo
0x0000000037838000 	/usr/lib/libFosl_dynamic.dylib
0x0000000037838000 	/System/Library/PrivateFrameworks/MetalPerformanceShaders.framework/Versions/A/MetalPerformanceShaders
0x0000000037838000 	/System/Library/PrivateFrameworks/FaceCore.framework/Versions/A/FaceCore
0x0000000037838000 	/System/Library/Frameworks/OpenCL.framework/Versions/A/OpenCL
0x0000000037838000 	/System/Library/Frameworks/OpenGL.framework/Versions/A/Libraries/libGLU.dylib
0x0000000037838000 	/System/Library/Frameworks/OpenGL.framework/Versions/A/Libraries/libGFXShared.dylib
0x0000000037838000 	/System/Library/Frameworks/OpenGL.framework/Versions/A/Libraries/libGL.dylib
0x0000000037838000 	/System/Library/Frameworks/OpenGL.framework/Versions/A/Libraries/libGLImage.dylib
0x0000000037838000 	/System/Library/Frameworks/OpenGL.framework/Versions/A/Libraries/libCVMSPluginSupport.dylib
0x0000000037838000 	/System/Library/Frameworks/OpenGL.framework/Versions/A/Libraries/libCoreVMClient.dylib
0x0000000037838000 	/System/Library/PrivateFrameworks/CrashReporterSupport.framework/Versions/A/CrashReporterSupport
0x0000000037838000 	/System/Library/PrivateFrameworks/Sharing.framework/Versions/A/Sharing
0x0000000037838000 	/System/Library/PrivateFrameworks/IconServices.framework/Versions/A/IconServices
0x0000000037838000 	/System/Library/PrivateFrameworks/ProtocolBuffer.framework/Versions/A/ProtocolBuffer
0x0000000037838000 	/System/Library/PrivateFrameworks/Apple80211.framework/Versions/A/Apple80211
0x0000000037838000 	/System/Library/Frameworks/CoreWLAN.framework/Versions/A/CoreWLAN
0x0000000037838000 	/System/Library/PrivateFrameworks/CoreUtils.framework/Versions/A/CoreUtils
0x0000000037838000 	/System/Library/Frameworks/IOBluetooth.framework/Versions/A/IOBluetooth
0x0000000037838000 	/System/Library/PrivateFrameworks/CoreWiFi.framework/Versions/A/CoreWiFi
0x0000000037838000 	/System/Library/Frameworks/CoreBluetooth.framework/Versions/A/CoreBluetooth
0x0000000037838000 	/System/Library/Frameworks/CoreDisplay.framework/Versions/A/CoreDisplay
0x0000000037838000 	/System/Library/PrivateFrameworks/IOPresentment.framework/Versions/A/IOPresentment
0x0000000037838000 	/System/Library/PrivateFrameworks/DSExternalDisplay.framework/Versions/A/DSExternalDisplay
0x0000000037838000 	/System/Library/PrivateFrameworks/DebugSymbols.framework/Versions/A/DebugSymbols
0x0000000037838000 	/System/Library/PrivateFrameworks/CoreSymbolication.framework/Versions/A/CoreSymbolication
0x0000000037838000 	/System/Library/PrivateFrameworks/Symbolication.framework/Versions/A/Symbolication
0x0000000037838000 	/System/Library/PrivateFrameworks/AppleFSCompression.framework/Versions/A/AppleFSCompression
0x0000000037838000 	/System/Library/PrivateFrameworks/SpeechRecognitionCore.framework/Versions/A/SpeechRecognitionCore
0x0000000037838000 	/System/Library/PrivateFrameworks/ChunkingLibrary.framework/Versions/A/ChunkingLibrary
0x0000000106e00000 	/Library/Java/JavaVirtualMachines/jdk1.8.0_60.jdk/Contents/Home/jre/lib/server/libjvm.dylib
0x0000000106457000 	/usr/lib/libstdc++.6.dylib
0x0000000106510000 	/Library/Java/JavaVirtualMachines/jdk1.8.0_60.jdk/Contents/Home/jre/lib/libverify.dylib
0x000000010651e000 	/Library/Java/JavaVirtualMachines/jdk1.8.0_60.jdk/Contents/Home/jre/lib/libjava.dylib
0x000000010655d000 	/Library/Java/JavaVirtualMachines/jdk1.8.0_60.jdk/Contents/Home/jre/lib/libzip.dylib
0x000000010b126000 	/System/Library/Frameworks/JavaVM.framework/Frameworks/JavaRuntimeSupport.framework/JavaRuntimeSupport
0x000000010b140000 	/System/Library/Frameworks/JavaVM.framework/Versions/A/Frameworks/JavaNativeFoundation.framework/Versions/A/JavaNativeFoundation
0x000000010b155000 	/System/Library/Frameworks/JavaVM.framework/Versions/A/JavaVM
0x0000000037838000 	/System/Library/Frameworks/Carbon.framework/Versions/A/Carbon
0x000000010b162000 	/System/Library/PrivateFrameworks/JavaLaunching.framework/Versions/A/JavaLaunching
0x0000000037838000 	/System/Library/Frameworks/Carbon.framework/Versions/A/Frameworks/CommonPanels.framework/Versions/A/CommonPanels
0x0000000037838000 	/System/Library/Frameworks/Carbon.framework/Versions/A/Frameworks/Help.framework/Versions/A/Help
0x0000000037838000 	/System/Library/Frameworks/Carbon.framework/Versions/A/Frameworks/ImageCapture.framework/Versions/A/ImageCapture
0x0000000037838000 	/System/Library/Frameworks/Carbon.framework/Versions/A/Frameworks/OpenScripting.framework/Versions/A/OpenScripting
0x0000000037838000 	/System/Library/Frameworks/Carbon.framework/Versions/A/Frameworks/Print.framework/Versions/A/Print
0x0000000037838000 	/System/Library/Frameworks/Carbon.framework/Versions/A/Frameworks/SecurityHI.framework/Versions/A/SecurityHI

VM Arguments:
java_command: edu.stanford.nlp.ie.NERServer -port 1234 -client
java_class_path (initial): ./stanford-ner-2015-04-20/stanford-ner.jar
Launcher Type: SUN_STANDARD

Environment Variables:
PATH=/Users/neptune/.nvm/versions/node/v6.5.0/lib/node_modules/npm/bin/node-gyp-bin:/Users/Shared/Sites/docker-ner-node/node_modules/.bin:/Library/Frameworks/Python.framework/Versions/3.5/bin:/Users/neptune/.rbenv/shims:/Users/neptune/.nvm/versions/node/v6.5.0/bin:/Applications/MAMP/bin/php/php5.6.10/bin:/usr/local/bin:/usr/bin:/bin:/usr/sbin:/sbin:/opt/X11/bin:~/.composer/vendor/bin
SHELL=/usr/local/bin/bash
DISPLAY=/private/tmp/com.apple.launchd.PzmyqKTe6l/org.macosforge.xquartz:0

Signal Handlers:
SIGSEGV: [libjvm.dylib+0x5a6d31], sa_mask[0]=11111111011111110111111111111111, sa_flags=SA_ONSTACK|SA_RESTART|SA_SIGINFO
SIGBUS: [libjvm.dylib+0x5a6d31], sa_mask[0]=11111111011111110111111111111111, sa_flags=SA_RESTART|SA_SIGINFO
SIGFPE: [libjvm.dylib+0x480a4c], sa_mask[0]=11111111011111110111111111111111, sa_flags=SA_RESTART|SA_SIGINFO
SIGPIPE: [libjvm.dylib+0x480a4c], sa_mask[0]=11111111011111110111111111111111, sa_flags=SA_RESTART|SA_SIGINFO
SIGXFSZ: [libjvm.dylib+0x480a4c], sa_mask[0]=11111111011111110111111111111111, sa_flags=SA_RESTART|SA_SIGINFO
SIGILL: [libjvm.dylib+0x480a4c], sa_mask[0]=11111111011111110111111111111111, sa_flags=SA_RESTART|SA_SIGINFO
SIGUSR1: SIG_DFL, sa_mask[0]=11111111011111110111111111111111, sa_flags=none
SIGUSR2: [libjvm.dylib+0x48056a], sa_mask[0]=00000000000000000000000000000000, sa_flags=SA_RESTART|SA_SIGINFO
SIGHUP: [libjvm.dylib+0x47eb41], sa_mask[0]=11111111011111110111111111111111, sa_flags=SA_RESTART|SA_SIGINFO
SIGINT: [libjvm.dylib+0x47eb41], sa_mask[0]=11111111011111110111111111111111, sa_flags=SA_RESTART|SA_SIGINFO
SIGTERM: [libjvm.dylib+0x47eb41], sa_mask[0]=11111111011111110111111111111111, sa_flags=SA_RESTART|SA_SIGINFO
SIGQUIT: [libjvm.dylib+0x47eb41], sa_mask[0]=11111111011111110111111111111111, sa_flags=SA_RESTART|SA_SIGINFO


---------------  S Y S T E M  ---------------

OS:Bsduname:Darwin 16.6.0 Darwin Kernel Version 16.6.0: Fri Apr 14 16:21:16 PDT 2017; root:xnu-3789.60.24~6/RELEASE_X86_64 x86_64
rlimit: STACK 8192k, CORE 0k, NPROC 709, NOFILE 10240, AS infinity
load average:3.20 2.93 2.70

CPU:total 4 (2 cores per cpu, 2 threads per core) family 6 model 78 stepping 3, cmov, cx8, fxsr, mmx, sse, sse2, sse3, ssse3, sse4.1, sse4.2, popcnt, avx, avx2, aes, clmul, erms, rtm, 3dnowpref, lzcnt, ht, tsc, tscinvbit, bmi1, bmi2, adx

Memory: 4k page, physical 16777216k(68708k free)

/proc/meminfo:


vm_info: Java HotSpot(TM) 64-Bit Server VM (25.60-b23) for bsd-amd64 JRE (1.8.0_60-b27), built on Aug  4 2015 10:47:24 by "java_re" with gcc 4.2.1 (Based on Apple Inc. build 5658) (LLVM build 2336.11.00)

time: Sat Jun 24 13:35:55 2017
elapsed time: 33 seconds (0d 0h 0m 33s)

