#
# A fatal error has been detected by the Java Runtime Environment:
#
#  SIGSEGV (0xb) at pc=0x0000000102880598, pid=19630, tid=775
#
# JRE version: Java(TM) SE Runtime Environment (8.0_60-b27) (build 1.8.0_60-b27)
# Java VM: Java HotSpot(TM) 64-Bit Server VM (25.60-b23 mixed mode bsd-amd64 compressed oops)
# Problematic frame:
# V  [libjvm.dylib+0x480598]  SR_handler(int, __siginfo*, __darwin_ucontext*)+0x2e
#
# Failed to write core dump. Core dumps have been disabled. To enable core dumping, try "ulimit -c unlimited" before starting Java again
#
# If you would like to submit a bug report, please visit:
#   http://bugreport.java.com/bugreport/crash.jsp
#

---------------  T H R E A D  ---------------

Current thread is native thread

siginfo: si_signo: 11 (SIGSEGV), si_code: 1 (SEGV_MAPERR), si_addr: 0x0000000000000128

Registers:
RAX=0x0000000000000000, RBX=0x00007fff5e1ddd70, RCX=0x00007fffcb2c9408, RDX=0x00007fff5e1ddd70
RSP=0x00007fff5e1dd8a0, RBP=0x00007fff5e1dd8d0, RSI=0x00007fff5e1ddd08, RDI=0x0000000000000103
R8 =0x00007fff5e1ddd70, R9 =0x00000000ffffffff, R10=0x0000000000000c00, R11=0x0000000000000206
R12=0x0000000000000c00, R13=0x0000000000000000, R14=0x00007fff5e1ddd08, R15=0x0000000000000002
RIP=0x0000000102880598, EFLAGS=0x0000000000010202, ERR=0x0000000000000004
  TRAPNO=0x000000000000000e

Top of Stack: (sp=0x00007fff5e1dd8a0)
0x00007fff5e1dd8a0:   0000000000000000 00007fff5e1ddd70
0x00007fff5e1dd8b0:   0000000000000c00 0000000000000000
0x00007fff5e1dd8c0:   00007fff5e1ddfa0 0000000000000d03
0x00007fff5e1dd8d0:   00007fff5e1dd8e0 00007fffc25beb3a
0x00007fff5e1dd8e0:   00007fff5e1dde70 0000000000019e00
0x00007fff5e1dd8f0:   00019f00c7c52978 00007fffcb15f2d0
0x00007fff5e1dd900:   0100001f00000085 00007fffcb29bb18
0x00007fff5e1dd910:   0000000010004005 00000000ffffffff
0x00007fff5e1dd920:   00007fff5e1dde28 0000000000000000
0x00007fff5e1dd930:   00007fff5e1ddfa0 0000000007000806
0x00007fff5e1dd940:   00007fff5e1dde70 00007fff5e1dde28
0x00007fff5e1dd950:   0000000000000d03 00000000ffffffff
0x00007fff5e1dd960:   0000000000000c00 0000000000000206
0x00007fff5e1dd970:   0000000000000c00 0000000000000000
0x00007fff5e1dd980:   00007fff5e1ddfa0 0000000000000d03
0x00007fff5e1dd990:   00007fffc24d634a 0000000000000206
0x00007fff5e1dd9a0:   0000000000000007 0000000000000000
0x00007fff5e1dd9b0:   0000000000000000 0000000000000000
0x00007fff5e1dd9c0:   000000000000037f 0000000000000000
0x00007fff5e1dd9d0:   0000000000000000 0000ffff00001fa0
0x00007fff5e1dd9e0:   000000000002cd37 000000000000ffff
0x00007fff5e1dd9f0:   0001ffffed351bef 000000000000ffff
0x00007fff5e1dda00:   000000000001ffff 000000000000ffff
0x00007fff5e1dda10:   0000000000000000 0000000000000000
0x00007fff5e1dda20:   0000000000000000 0000000000000000
0x00007fff5e1dda30:   00000000ff73ff9c 000000000000ffff
0x00007fff5e1dda40:   000000000e5fa880 000000000000ffff
0x00007fff5e1dda50:   00000000ff700000 000000000000ffff
0x00007fff5e1dda60:   41befeda57bed118 0000000000000000
0x00007fff5e1dda70:   3fe7da22f6a50d6b 0000000000000000
0x00007fff5e1dda80:   c3de3f0f867c559a 439c0f07983aa664
0x00007fff5e1dda90:   0000000000000000 0000000000000000 

Instructions: (pc=0x0000000102880598)
0x0000000102880578:   83 ec 08 48 89 d3 49 89 f6 e8 84 fe 13 00 44 8b
0x0000000102880588:   38 48 8d 05 40 8a 3a 00 48 63 38 e8 4e 01 14 00
0x0000000102880598:   4c 8b a0 28 01 00 00 41 83 7c 24 34 01 0f 85 e2
0x00000001028805a8:   00 00 00 49 89 5c 24 40 4d 89 74 24 38 49 8d 5c 

Register to memory mapping:

RAX=0x0000000000000000 is an unknown value
RBX=0x00007fff5e1ddd70 is an unknown value
RCX=0x00007fffcb2c9408: _thread+0x48 in /usr/lib/system/libsystem_pthread.dylib at 0x00007fffc25c5000
RDX=0x00007fff5e1ddd70 is an unknown value
RSP=0x00007fff5e1dd8a0 is an unknown value
RBP=0x00007fff5e1dd8d0 is an unknown value
RSI=0x00007fff5e1ddd08 is an unknown value
RDI=0x0000000000000103 is an unknown value
R8 =0x00007fff5e1ddd70 is an unknown value
R9 =0x00000000ffffffff is an unknown value
R10=0x0000000000000c00 is an unknown value
R11=0x0000000000000206 is an unknown value
R12=0x0000000000000c00 is an unknown value
R13=0x0000000000000000 is an unknown value
R14=0x00007fff5e1ddd08 is an unknown value
R15=0x0000000000000002 is an unknown value


Stack: [0x00007fff5d9e2000,0x00007fff5e1e2000],  sp=0x00007fff5e1dd8a0,  free space=8174k
Native frames: (J=compiled Java code, j=interpreted, Vv=VM code, C=native code)
V  [libjvm.dylib+0x480598]  SR_handler(int, __siginfo*, __darwin_ucontext*)+0x2e
C  [libsystem_platform.dylib+0x2b3a]  _sigtramp+0x1a
C  0x0000000000019e00
C  [CoreFoundation+0x88434]  __CFRunLoopServiceMachPort+0xd4
C  [CoreFoundation+0x878c1]  __CFRunLoopRun+0x551
C  [CoreFoundation+0x87114]  CFRunLoopRunSpecific+0x1a4
C  [java+0x6463]  CreateExecutionEnvironment+0x367
C  [java+0x21ac]  JLI_Launch+0x7a0
C  [java+0x84c0]  main+0x65
C  [java+0x1a04]  start+0x34


---------------  P R O C E S S  ---------------

VM state:not at safepoint (normal execution)

VM Mutex/Monitor currently owned by a thread: None

Heap:
 PSYoungGen      total 141824K, used 111926K [0x00000007b0600000, 0x00000007b9b00000, 0x00000007c0000000)
  eden space 131072K, 77% used [0x00000007b0600000,0x00000007b68cf318,0x00000007b8600000)
  from space 10752K, 99% used [0x00000007b9080000,0x00000007b9afe4e8,0x00000007b9b00000)
  to   space 10752K, 0% used [0x00000007b8600000,0x00000007b8600000,0x00000007b9080000)
 ParOldGen       total 175104K, used 52035K [0x0000000791200000, 0x000000079bd00000, 0x00000007b0600000)
  object space 175104K, 29% used [0x0000000791200000,0x00000007944d0c88,0x000000079bd00000)
 Metaspace       used 5988K, capacity 6198K, committed 6400K, reserved 1056768K
  class space    used 652K, capacity 723K, committed 768K, reserved 1048576K

Card table byte_map: [0x0000000103749000,0x00000001038c1000] byte_map_base: 0x00000000ffac0000

Marking Bits: (ParMarkBitMap*) 0x0000000102cdee20
 Begin Bits: [0x00000001039bb000, 0x0000000104573000)
 End Bits:   [0x0000000104573000, 0x000000010512b000)

Polling page: 0x0000000101b97000

CodeCache: size=245760Kb used=2509Kb max_used=2521Kb free=243250Kb
 bounds [0x00000001053b4000, 0x0000000105634000, 0x00000001143b4000]
 total_blobs=850 nmethods=563 adapters=201
 compilation: enabled

Compilation events (10 events):
Event: 1.585 Thread 0x00007f9c5e845000 nmethod 562 0x0000000105602b10 code [0x0000000105602c60, 0x0000000105602d18]
Event: 1.596 Thread 0x00007f9c5f014800  563       3       sun.misc.FDBigInteger::mult (64 bytes)
Event: 1.596 Thread 0x00007f9c5f014800 nmethod 563 0x0000000105627910 code [0x0000000105627a80, 0x0000000105627d10]
Event: 1.596 Thread 0x00007f9c5f014800  564       3       sun.misc.FDBigInteger::<init> (30 bytes)
Event: 1.596 Thread 0x00007f9c5f014800 nmethod 564 0x0000000105627490 code [0x0000000105627600, 0x0000000105627808]
Event: 1.596 Thread 0x00007f9c5f014800  565       3       sun.misc.FDBigInteger::trimLeadingZeros (57 bytes)
Event: 1.596 Thread 0x00007f9c5f014800 nmethod 565 0x0000000105626ed0 code [0x0000000105627040, 0x0000000105627370]
Event: 1.600 Thread 0x00007f9c60021800 nmethod 559 0x000000010562ad50 code [0x000000010562af60, 0x000000010562ba50]
Event: 1.602 Thread 0x00007f9c5f014800  566  s    1       java.util.Vector::size (5 bytes)
Event: 1.603 Thread 0x00007f9c5f014800 nmethod 566 0x0000000105626890 code [0x00000001056269e0, 0x0000000105626c50]

GC Heap History (4 events):
Event: 0.711 GC heap before
{Heap before GC invocations=1 (full 0):
 PSYoungGen      total 76288K, used 65536K [0x00000007b0600000, 0x00000007b5b00000, 0x00000007c0000000)
  eden space 65536K, 100% used [0x00000007b0600000,0x00000007b4600000,0x00000007b4600000)
  from space 10752K, 0% used [0x00000007b5080000,0x00000007b5080000,0x00000007b5b00000)
  to   space 10752K, 0% used [0x00000007b4600000,0x00000007b4600000,0x00000007b5080000)
 ParOldGen       total 175104K, used 0K [0x0000000791200000, 0x000000079bd00000, 0x00000007b0600000)
  object space 175104K, 0% used [0x0000000791200000,0x0000000791200000,0x000000079bd00000)
 Metaspace       used 5632K, capacity 5856K, committed 6144K, reserved 1056768K
  class space    used 607K, capacity 682K, committed 768K, reserved 1048576K
Event: 0.750 GC heap after
Heap after GC invocations=1 (full 0):
 PSYoungGen      total 76288K, used 10751K [0x00000007b0600000, 0x00000007b9b00000, 0x00000007c0000000)
  eden space 65536K, 0% used [0x00000007b0600000,0x00000007b0600000,0x00000007b4600000)
  from space 10752K, 99% used [0x00000007b4600000,0x00000007b507fd00,0x00000007b5080000)
  to   space 10752K, 0% used [0x00000007b9080000,0x00000007b9080000,0x00000007b9b00000)
 ParOldGen       total 175104K, used 20267K [0x0000000791200000, 0x000000079bd00000, 0x00000007b0600000)
  object space 175104K, 11% used [0x0000000791200000,0x00000007925cac68,0x000000079bd00000)
 Metaspace       used 5632K, capacity 5856K, committed 6144K, reserved 1056768K
  class space    used 607K, capacity 682K, committed 768K, reserved 1048576K
}
Event: 0.969 GC heap before
{Heap before GC invocations=2 (full 0):
 PSYoungGen      total 76288K, used 75014K [0x00000007b0600000, 0x00000007b9b00000, 0x00000007c0000000)
  eden space 65536K, 98% used [0x00000007b0600000,0x00000007b44c1b90,0x00000007b4600000)
  from space 10752K, 99% used [0x00000007b4600000,0x00000007b507fd00,0x00000007b5080000)
  to   space 10752K, 0% used [0x00000007b9080000,0x00000007b9080000,0x00000007b9b00000)
 ParOldGen       total 175104K, used 20267K [0x0000000791200000, 0x000000079bd00000, 0x00000007b0600000)
  object space 175104K, 11% used [0x0000000791200000,0x00000007925cac68,0x000000079bd00000)
 Metaspace       used 5634K, capacity 5856K, committed 6144K, reserved 1056768K
  class space    used 607K, capacity 682K, committed 768K, reserved 1048576K
Event: 1.067 GC heap after
Heap after GC invocations=2 (full 0):
 PSYoungGen      total 141824K, used 10745K [0x00000007b0600000, 0x00000007b9b00000, 0x00000007c0000000)
  eden space 131072K, 0% used [0x00000007b0600000,0x00000007b0600000,0x00000007b8600000)
  from space 10752K, 99% used [0x00000007b9080000,0x00000007b9afe4e8,0x00000007b9b00000)
  to   space 10752K, 0% used [0x00000007b8600000,0x00000007b8600000,0x00000007b9080000)
 ParOldGen       total 175104K, used 52035K [0x0000000791200000, 0x000000079bd00000, 0x00000007b0600000)
  object space 175104K, 29% used [0x0000000791200000,0x00000007944d0c88,0x000000079bd00000)
 Metaspace       used 5634K, capacity 5856K, committed 6144K, reserved 1056768K
  class space    used 607K, capacity 682K, committed 768K, reserved 1048576K
}

Deoptimization events (10 events):
Event: 1.363 Thread 0x00007f9c5f002000 Uncommon trap: reason=class_check action=maybe_recompile pc=0x000000010561c820 method=java.lang.reflect.Array.newInstance(Ljava/lang/Class;I)Ljava/lang/Object; @ 2
Event: 1.363 Thread 0x00007f9c5f002000 Uncommon trap: reason=class_check action=maybe_recompile pc=0x000000010561c820 method=java.lang.reflect.Array.newInstance(Ljava/lang/Class;I)Ljava/lang/Object; @ 2
Event: 1.421 Thread 0x00007f9c5f002000 Uncommon trap: reason=array_check action=maybe_recompile pc=0x000000010560c6d0 method=java.io.ObjectInputStream.readArray(Z)Ljava/lang/Object; @ 406
Event: 1.423 Thread 0x00007f9c5f002000 Uncommon trap: reason=array_check action=maybe_recompile pc=0x000000010560c6d0 method=java.io.ObjectInputStream.readArray(Z)Ljava/lang/Object; @ 406
Event: 1.426 Thread 0x00007f9c5f002000 Uncommon trap: reason=array_check action=maybe_recompile pc=0x000000010560c6d0 method=java.io.ObjectInputStream.readArray(Z)Ljava/lang/Object; @ 406
Event: 1.432 Thread 0x00007f9c5f002000 Uncommon trap: reason=array_check action=maybe_recompile pc=0x000000010560c6d0 method=java.io.ObjectInputStream.readArray(Z)Ljava/lang/Object; @ 406
Event: 1.576 Thread 0x00007f9c5f002000 Uncommon trap: reason=unstable_if action=reinterpret pc=0x000000010558a170 method=java.io.ObjectStreamClass$FieldReflector.setPrimFieldValues(Ljava/lang/Object;[B)V @ 36
Event: 1.576 Thread 0x00007f9c5f002000 Uncommon trap: reason=predicate action=maybe_recompile pc=0x000000010561fee4 method=java.io.ObjectInputStream.readArray(Z)Ljava/lang/Object; @ 397
Event: 1.591 Thread 0x00007f9c5f002000 Uncommon trap: reason=unstable_if action=reinterpret pc=0x00000001055e5000 method=java.io.ObjectInputStream$HandleTable.lookupException(I)Ljava/lang/ClassNotFoundException; @ 2
Event: 1.591 Thread 0x00007f9c5f002000 Uncommon trap: reason=unstable_if action=reinterpret pc=0x0000000105582aa8 method=java.io.ObjectInputStream$HandleTable.lookupException(I)Ljava/lang/ClassNotFoundException; @ 2

Internal exceptions (10 events):
Event: 0.053 Thread 0x00007f9c5f002000 Exception <a 'java/lang/NoSuchMethodError': Method sun.misc.Unsafe.defineClass(Ljava/lang/String;[BII)Ljava/lang/Class; name or signature does not match> (0x00000007b0612f10) thrown at [/Users/java_re/workspace/8-2-build-macosx-x86_64/jdk8u60/4407/hotspot
Event: 0.053 Thread 0x00007f9c5f002000 Exception <a 'java/lang/NoSuchMethodError': Method sun.misc.Unsafe.prefetchRead(Ljava/lang/Object;J)V name or signature does not match> (0x00000007b06131f8) thrown at [/Users/java_re/workspace/8-2-build-macosx-x86_64/jdk8u60/4407/hotspot/src/share/vm/prim
Event: 0.220 Thread 0x00007f9c5f002000 Exception <a 'java/lang/NoSuchFieldError': method resolution failed> (0x00000007b0b56d30) thrown at [/Users/java_re/workspace/8-2-build-macosx-x86_64/jdk8u60/4407/hotspot/src/share/vm/prims/methodHandles.cpp, line 1146]
Event: 0.222 Thread 0x00007f9c5f002000 Exception <a 'java/lang/NoSuchFieldError': method resolution failed> (0x00000007b0b640b0) thrown at [/Users/java_re/workspace/8-2-build-macosx-x86_64/jdk8u60/4407/hotspot/src/share/vm/prims/methodHandles.cpp, line 1146]
Event: 0.278 Thread 0x00007f9c5f002000 Exception <a 'java/security/PrivilegedActionException'> (0x00000007b0cc4648) thrown at [/Users/java_re/workspace/8-2-build-macosx-x86_64/jdk8u60/4407/hotspot/src/share/vm/prims/jvm.cpp, line 1386]
Event: 0.278 Thread 0x00007f9c5f002000 Exception <a 'java/security/PrivilegedActionException'> (0x00000007b0cc4858) thrown at [/Users/java_re/workspace/8-2-build-macosx-x86_64/jdk8u60/4407/hotspot/src/share/vm/prims/jvm.cpp, line 1386]
Event: 0.278 Thread 0x00007f9c5f002000 Exception <a 'java/security/PrivilegedActionException'> (0x00000007b0cc7af8) thrown at [/Users/java_re/workspace/8-2-build-macosx-x86_64/jdk8u60/4407/hotspot/src/share/vm/prims/jvm.cpp, line 1386]
Event: 0.278 Thread 0x00007f9c5f002000 Exception <a 'java/security/PrivilegedActionException'> (0x00000007b0cc7d08) thrown at [/Users/java_re/workspace/8-2-build-macosx-x86_64/jdk8u60/4407/hotspot/src/share/vm/prims/jvm.cpp, line 1386]
Event: 0.548 Thread 0x00007f9c5f002000 Implicit null exception at 0x000000010559d868 to 0x000000010559dd61
Event: 0.555 Thread 0x00007f9c5f002000 Implicit null exception at 0x0000000105597d87 to 0x0000000105597e85

Events (10 events):
Event: 1.605 loading class java/net/InterfaceAddress
Event: 1.605 loading class java/net/InterfaceAddress done
Event: 1.605 loading class java/net/DefaultInterface
Event: 1.605 loading class java/net/DefaultInterface done
Event: 1.606 loading class java/net/NetworkInterface$2
Event: 1.606 loading class java/net/NetworkInterface$2 done
Event: 1.608 loading class java/net/Socket
Event: 1.608 loading class java/net/Socket done
Event: 4.142 Executing VM operation: EnableBiasedLocking
Event: 4.143 Executing VM operation: EnableBiasedLocking done


Dynamic libraries:
0x0000000037838000 	/System/Library/Frameworks/Cocoa.framework/Versions/A/Cocoa
0x0000000037838000 	/System/Library/Frameworks/Security.framework/Versions/A/Security
0x0000000037838000 	/System/Library/Frameworks/ApplicationServices.framework/Versions/A/ApplicationServices
0x0000000037838000 	/usr/lib/libz.1.dylib
0x0000000037838000 	/usr/lib/libSystem.B.dylib
0x0000000037838000 	/usr/lib/libobjc.A.dylib
0x0000000037838000 	/System/Library/Frameworks/CoreFoundation.framework/Versions/A/CoreFoundation
0x0000000037838000 	/System/Library/Frameworks/Foundation.framework/Versions/C/Foundation
0x0000000037838000 	/System/Library/Frameworks/AppKit.framework/Versions/C/AppKit
0x0000000037838000 	/System/Library/Frameworks/CoreData.framework/Versions/A/CoreData
0x0000000037838000 	/System/Library/PrivateFrameworks/RemoteViewServices.framework/Versions/A/RemoteViewServices
0x0000000037838000 	/System/Library/PrivateFrameworks/UIFoundation.framework/Versions/A/UIFoundation
0x0000000037838000 	/System/Library/PrivateFrameworks/DFRFoundation.framework/Versions/A/DFRFoundation
0x0000000037838000 	/usr/lib/libenergytrace.dylib
0x0000000037838000 	/System/Library/PrivateFrameworks/SkyLight.framework/Versions/A/SkyLight
0x0000000037838000 	/System/Library/Frameworks/CoreGraphics.framework/Versions/A/CoreGraphics
0x0000000037838000 	/usr/lib/libScreenReader.dylib
0x0000000037838000 	/System/Library/Frameworks/Accelerate.framework/Versions/A/Accelerate
0x0000000037838000 	/System/Library/Frameworks/IOSurface.framework/Versions/A/IOSurface
0x0000000037838000 	/System/Library/Frameworks/AudioToolbox.framework/Versions/A/AudioToolbox
0x0000000037838000 	/System/Library/Frameworks/AudioUnit.framework/Versions/A/AudioUnit
0x0000000037838000 	/System/Library/PrivateFrameworks/DataDetectorsCore.framework/Versions/A/DataDetectorsCore
0x0000000037838000 	/System/Library/PrivateFrameworks/DesktopServicesPriv.framework/Versions/A/DesktopServicesPriv
0x0000000037838000 	/System/Library/Frameworks/Carbon.framework/Versions/A/Frameworks/HIToolbox.framework/Versions/A/HIToolbox
0x0000000037838000 	/usr/lib/libicucore.A.dylib
0x0000000037838000 	/System/Library/Frameworks/QuartzCore.framework/Versions/A/QuartzCore
0x0000000037838000 	/System/Library/Frameworks/Carbon.framework/Versions/A/Frameworks/SpeechRecognition.framework/Versions/A/SpeechRecognition
0x0000000037838000 	/usr/lib/libauto.dylib
0x0000000037838000 	/usr/lib/libxml2.2.dylib
0x0000000037838000 	/System/Library/PrivateFrameworks/CoreUI.framework/Versions/A/CoreUI
0x0000000037838000 	/System/Library/Frameworks/CoreAudio.framework/Versions/A/CoreAudio
0x0000000037838000 	/System/Library/Frameworks/DiskArbitration.framework/Versions/A/DiskArbitration
0x0000000037838000 	/usr/lib/liblangid.dylib
0x0000000037838000 	/System/Library/PrivateFrameworks/MultitouchSupport.framework/Versions/A/MultitouchSupport
0x0000000037838000 	/System/Library/Frameworks/IOKit.framework/Versions/A/IOKit
0x0000000037838000 	/usr/lib/libDiagnosticMessagesClient.dylib
0x0000000037838000 	/System/Library/Frameworks/CoreServices.framework/Versions/A/CoreServices
0x0000000037838000 	/System/Library/PrivateFrameworks/PerformanceAnalysis.framework/Versions/A/PerformanceAnalysis
0x0000000037838000 	/System/Library/PrivateFrameworks/GenerationalStorage.framework/Versions/A/GenerationalStorage
0x0000000037838000 	/System/Library/Frameworks/OpenGL.framework/Versions/A/OpenGL
0x0000000037838000 	/System/Library/Frameworks/CoreImage.framework/Versions/A/CoreImage
0x0000000037838000 	/System/Library/Frameworks/CoreText.framework/Versions/A/CoreText
0x0000000037838000 	/System/Library/Frameworks/ImageIO.framework/Versions/A/ImageIO
0x0000000037838000 	/System/Library/PrivateFrameworks/Backup.framework/Versions/A/Backup
0x0000000037838000 	/usr/lib/libarchive.2.dylib
0x0000000037838000 	/System/Library/Frameworks/CFNetwork.framework/Versions/A/CFNetwork
0x0000000037838000 	/System/Library/Frameworks/SystemConfiguration.framework/Versions/A/SystemConfiguration
0x0000000037838000 	/usr/lib/libCRFSuite.dylib
0x0000000037838000 	/usr/lib/libc++.1.dylib
0x0000000037838000 	/usr/lib/libc++abi.dylib
0x0000000037838000 	/usr/lib/system/libcache.dylib
0x0000000037838000 	/usr/lib/system/libcommonCrypto.dylib
0x0000000037838000 	/usr/lib/system/libcompiler_rt.dylib
0x0000000037838000 	/usr/lib/system/libcopyfile.dylib
0x0000000037838000 	/usr/lib/system/libcorecrypto.dylib
0x0000000037838000 	/usr/lib/system/libdispatch.dylib
0x0000000037838000 	/usr/lib/system/libdyld.dylib
0x0000000037838000 	/usr/lib/system/libkeymgr.dylib
0x0000000037838000 	/usr/lib/system/liblaunch.dylib
0x0000000037838000 	/usr/lib/system/libmacho.dylib
0x0000000037838000 	/usr/lib/system/libquarantine.dylib
0x0000000037838000 	/usr/lib/system/libremovefile.dylib
0x0000000037838000 	/usr/lib/system/libsystem_asl.dylib
0x0000000037838000 	/usr/lib/system/libsystem_blocks.dylib
0x0000000037838000 	/usr/lib/system/libsystem_c.dylib
0x0000000037838000 	/usr/lib/system/libsystem_configuration.dylib
0x0000000037838000 	/usr/lib/system/libsystem_coreservices.dylib
0x0000000037838000 	/usr/lib/system/libsystem_coretls.dylib
0x0000000037838000 	/usr/lib/system/libsystem_dnssd.dylib
0x0000000037838000 	/usr/lib/system/libsystem_info.dylib
0x0000000037838000 	/usr/lib/system/libsystem_kernel.dylib
0x0000000037838000 	/usr/lib/system/libsystem_m.dylib
0x0000000037838000 	/usr/lib/system/libsystem_malloc.dylib
0x0000000037838000 	/usr/lib/system/libsystem_network.dylib
0x0000000037838000 	/usr/lib/system/libsystem_networkextension.dylib
0x0000000037838000 	/usr/lib/system/libsystem_notify.dylib
0x0000000037838000 	/usr/lib/system/libsystem_platform.dylib
0x0000000037838000 	/usr/lib/system/libsystem_pthread.dylib
0x0000000037838000 	/usr/lib/system/libsystem_sandbox.dylib
0x0000000037838000 	/usr/lib/system/libsystem_secinit.dylib
0x0000000037838000 	/usr/lib/system/libsystem_symptoms.dylib
0x0000000037838000 	/usr/lib/system/libsystem_trace.dylib
0x0000000037838000 	/usr/lib/system/libunwind.dylib
0x0000000037838000 	/usr/lib/system/libxpc.dylib
0x0000000037838000 	/usr/lib/libbsm.0.dylib
0x0000000037838000 	/usr/lib/system/libkxld.dylib
0x0000000037838000 	/usr/lib/libcoretls.dylib
0x0000000037838000 	/usr/lib/libcoretls_cfhelpers.dylib
0x0000000037838000 	/usr/lib/libOpenScriptingUtil.dylib
0x0000000037838000 	/usr/lib/libpam.2.dylib
0x0000000037838000 	/usr/lib/libsqlite3.dylib
0x0000000037838000 	/usr/lib/libxar.1.dylib
0x0000000037838000 	/usr/lib/libbz2.1.0.dylib
0x0000000037838000 	/usr/lib/liblzma.5.dylib
0x0000000037838000 	/usr/lib/libnetwork.dylib
0x0000000037838000 	/usr/lib/libpcap.A.dylib
0x0000000037838000 	/System/Library/Frameworks/CoreServices.framework/Versions/A/Frameworks/FSEvents.framework/Versions/A/FSEvents
0x0000000037838000 	/System/Library/Frameworks/CoreServices.framework/Versions/A/Frameworks/CarbonCore.framework/Versions/A/CarbonCore
0x0000000037838000 	/System/Library/Frameworks/CoreServices.framework/Versions/A/Frameworks/Metadata.framework/Versions/A/Metadata
0x0000000037838000 	/System/Library/Frameworks/CoreServices.framework/Versions/A/Frameworks/OSServices.framework/Versions/A/OSServices
0x0000000037838000 	/System/Library/Frameworks/CoreServices.framework/Versions/A/Frameworks/SearchKit.framework/Versions/A/SearchKit
0x0000000037838000 	/System/Library/Frameworks/CoreServices.framework/Versions/A/Frameworks/AE.framework/Versions/A/AE
0x0000000037838000 	/System/Library/Frameworks/CoreServices.framework/Versions/A/Frameworks/LaunchServices.framework/Versions/A/LaunchServices
0x0000000037838000 	/System/Library/Frameworks/CoreServices.framework/Versions/A/Frameworks/DictionaryServices.framework/Versions/A/DictionaryServices
0x0000000037838000 	/System/Library/Frameworks/CoreServices.framework/Versions/A/Frameworks/SharedFileList.framework/Versions/A/SharedFileList
0x0000000037838000 	/System/Library/Frameworks/NetFS.framework/Versions/A/NetFS
0x0000000037838000 	/System/Library/PrivateFrameworks/NetAuth.framework/Versions/A/NetAuth
0x0000000037838000 	/System/Library/PrivateFrameworks/login.framework/Versions/A/Frameworks/loginsupport.framework/Versions/A/loginsupport
0x0000000037838000 	/System/Library/PrivateFrameworks/TCC.framework/Versions/A/TCC
0x0000000037838000 	/usr/lib/libmecabra.dylib
0x0000000037838000 	/System/Library/Frameworks/ApplicationServices.framework/Versions/A/Frameworks/ATS.framework/Versions/A/ATS
0x0000000037838000 	/System/Library/Frameworks/ApplicationServices.framework/Versions/A/Frameworks/ColorSync.framework/Versions/A/ColorSync
0x0000000037838000 	/System/Library/Frameworks/ApplicationServices.framework/Versions/A/Frameworks/HIServices.framework/Versions/A/HIServices
0x0000000037838000 	/System/Library/Frameworks/ApplicationServices.framework/Versions/A/Frameworks/LangAnalysis.framework/Versions/A/LangAnalysis
0x0000000037838000 	/System/Library/Frameworks/ApplicationServices.framework/Versions/A/Frameworks/PrintCore.framework/Versions/A/PrintCore
0x0000000037838000 	/System/Library/Frameworks/ApplicationServices.framework/Versions/A/Frameworks/QD.framework/Versions/A/QD
0x0000000037838000 	/System/Library/Frameworks/ApplicationServices.framework/Versions/A/Frameworks/SpeechSynthesis.framework/Versions/A/SpeechSynthesis
0x0000000037838000 	/System/Library/Frameworks/Accelerate.framework/Versions/A/Frameworks/vImage.framework/Versions/A/vImage
0x0000000037838000 	/System/Library/Frameworks/Accelerate.framework/Versions/A/Frameworks/vecLib.framework/Versions/A/vecLib
0x0000000037838000 	/System/Library/Frameworks/Accelerate.framework/Versions/A/Frameworks/vecLib.framework/Versions/A/libvDSP.dylib
0x0000000037838000 	/System/Library/Frameworks/Accelerate.framework/Versions/A/Frameworks/vecLib.framework/Versions/A/libBNNS.dylib
0x0000000037838000 	/System/Library/Frameworks/Accelerate.framework/Versions/A/Frameworks/vecLib.framework/Versions/A/libQuadrature.dylib
0x0000000037838000 	/System/Library/Frameworks/Accelerate.framework/Versions/A/Frameworks/vecLib.framework/Versions/A/libvMisc.dylib
0x0000000037838000 	/System/Library/Frameworks/Accelerate.framework/Versions/A/Frameworks/vecLib.framework/Versions/A/libLAPACK.dylib
0x0000000037838000 	/System/Library/Frameworks/Accelerate.framework/Versions/A/Frameworks/vecLib.framework/Versions/A/libBLAS.dylib
0x0000000037838000 	/System/Library/Frameworks/Accelerate.framework/Versions/A/Frameworks/vecLib.framework/Versions/A/libLinearAlgebra.dylib
0x0000000037838000 	/System/Library/Frameworks/Accelerate.framework/Versions/A/Frameworks/vecLib.framework/Versions/A/libSparseBLAS.dylib
0x0000000037838000 	/System/Library/Frameworks/ApplicationServices.framework/Versions/A/Frameworks/ATS.framework/Versions/A/Resources/libFontParser.dylib
0x0000000037838000 	/System/Library/Frameworks/ApplicationServices.framework/Versions/A/Frameworks/ATS.framework/Versions/A/Resources/libFontRegistry.dylib
0x0000000037838000 	/System/Library/Frameworks/ImageIO.framework/Versions/A/Resources/libJPEG.dylib
0x0000000037838000 	/System/Library/Frameworks/ImageIO.framework/Versions/A/Resources/libTIFF.dylib
0x0000000037838000 	/System/Library/Frameworks/ImageIO.framework/Versions/A/Resources/libPng.dylib
0x0000000037838000 	/System/Library/Frameworks/ImageIO.framework/Versions/A/Resources/libGIF.dylib
0x0000000037838000 	/System/Library/Frameworks/ImageIO.framework/Versions/A/Resources/libJP2.dylib
0x0000000037838000 	/System/Library/Frameworks/ImageIO.framework/Versions/A/Resources/libRadiance.dylib
0x0000000037838000 	/usr/lib/libcompression.dylib
0x0000000037838000 	/System/Library/PrivateFrameworks/AppleJPEG.framework/Versions/A/AppleJPEG
0x0000000037838000 	/usr/lib/libcups.2.dylib
0x0000000037838000 	/System/Library/Frameworks/Kerberos.framework/Versions/A/Kerberos
0x0000000037838000 	/System/Library/Frameworks/GSS.framework/Versions/A/GSS
0x0000000037838000 	/usr/lib/libresolv.9.dylib
0x0000000037838000 	/usr/lib/libiconv.2.dylib
0x0000000037838000 	/System/Library/PrivateFrameworks/Heimdal.framework/Versions/A/Heimdal
0x0000000037838000 	/usr/lib/libheimdal-asn1.dylib
0x0000000037838000 	/System/Library/Frameworks/OpenDirectory.framework/Versions/A/OpenDirectory
0x0000000037838000 	/System/Library/PrivateFrameworks/CommonAuth.framework/Versions/A/CommonAuth
0x0000000037838000 	/System/Library/Frameworks/OpenDirectory.framework/Versions/A/Frameworks/CFOpenDirectory.framework/Versions/A/CFOpenDirectory
0x0000000037838000 	/System/Library/Frameworks/SecurityFoundation.framework/Versions/A/SecurityFoundation
0x0000000037838000 	/System/Library/PrivateFrameworks/LanguageModeling.framework/Versions/A/LanguageModeling
0x0000000037838000 	/usr/lib/libmarisa.dylib
0x0000000037838000 	/usr/lib/libChineseTokenizer.dylib
0x0000000037838000 	/usr/lib/libcmph.dylib
0x0000000037838000 	/System/Library/PrivateFrameworks/CoreEmoji.framework/Versions/A/CoreEmoji
0x0000000037838000 	/System/Library/Frameworks/ServiceManagement.framework/Versions/A/ServiceManagement
0x0000000037838000 	/usr/lib/libxslt.1.dylib
0x0000000037838000 	/System/Library/Frameworks/Carbon.framework/Versions/A/Frameworks/Ink.framework/Versions/A/Ink
0x0000000037838000 	/System/Library/PrivateFrameworks/TextureIO.framework/Versions/A/TextureIO
0x0000000037838000 	/System/Library/Frameworks/Metal.framework/Versions/A/Metal
0x0000000037838000 	/usr/lib/libate.dylib
0x0000000037838000 	/System/Library/PrivateFrameworks/GPUCompiler.framework/libmetal_timestamp.dylib
0x0000000037838000 	/System/Library/Frameworks/OpenGL.framework/Versions/A/Libraries/libCoreFSCache.dylib
0x0000000037838000 	/System/Library/PrivateFrameworks/IOAccelerator.framework/Versions/A/IOAccelerator
0x0000000037838000 	/System/Library/Frameworks/CoreVideo.framework/Versions/A/CoreVideo
0x0000000037838000 	/usr/lib/libFosl_dynamic.dylib
0x0000000037838000 	/System/Library/PrivateFrameworks/MetalPerformanceShaders.framework/Versions/A/MetalPerformanceShaders
0x0000000037838000 	/System/Library/PrivateFrameworks/FaceCore.framework/Versions/A/FaceCore
0x0000000037838000 	/System/Library/Frameworks/OpenCL.framework/Versions/A/OpenCL
0x0000000037838000 	/System/Library/Frameworks/OpenGL.framework/Versions/A/Libraries/libGLU.dylib
0x0000000037838000 	/System/Library/Frameworks/OpenGL.framework/Versions/A/Libraries/libGFXShared.dylib
0x0000000037838000 	/System/Library/Frameworks/OpenGL.framework/Versions/A/Libraries/libGL.dylib
0x0000000037838000 	/System/Library/Frameworks/OpenGL.framework/Versions/A/Libraries/libGLImage.dylib
0x0000000037838000 	/System/Library/Frameworks/OpenGL.framework/Versions/A/Libraries/libCVMSPluginSupport.dylib
0x0000000037838000 	/System/Library/Frameworks/OpenGL.framework/Versions/A/Libraries/libCoreVMClient.dylib
0x0000000037838000 	/System/Library/PrivateFrameworks/CrashReporterSupport.framework/Versions/A/CrashReporterSupport
0x0000000037838000 	/System/Library/PrivateFrameworks/Sharing.framework/Versions/A/Sharing
0x0000000037838000 	/System/Library/PrivateFrameworks/IconServices.framework/Versions/A/IconServices
0x0000000037838000 	/System/Library/PrivateFrameworks/ProtocolBuffer.framework/Versions/A/ProtocolBuffer
0x0000000037838000 	/System/Library/PrivateFrameworks/Apple80211.framework/Versions/A/Apple80211
0x0000000037838000 	/System/Library/Frameworks/CoreWLAN.framework/Versions/A/CoreWLAN
0x0000000037838000 	/System/Library/PrivateFrameworks/CoreUtils.framework/Versions/A/CoreUtils
0x0000000037838000 	/System/Library/Frameworks/IOBluetooth.framework/Versions/A/IOBluetooth
0x0000000037838000 	/System/Library/PrivateFrameworks/CoreWiFi.framework/Versions/A/CoreWiFi
0x0000000037838000 	/System/Library/Frameworks/CoreBluetooth.framework/Versions/A/CoreBluetooth
0x0000000037838000 	/System/Library/Frameworks/CoreDisplay.framework/Versions/A/CoreDisplay
0x0000000037838000 	/System/Library/PrivateFrameworks/IOPresentment.framework/Versions/A/IOPresentment
0x0000000037838000 	/System/Library/PrivateFrameworks/DSExternalDisplay.framework/Versions/A/DSExternalDisplay
0x0000000037838000 	/System/Library/PrivateFrameworks/DebugSymbols.framework/Versions/A/DebugSymbols
0x0000000037838000 	/System/Library/PrivateFrameworks/CoreSymbolication.framework/Versions/A/CoreSymbolication
0x0000000037838000 	/System/Library/PrivateFrameworks/Symbolication.framework/Versions/A/Symbolication
0x0000000037838000 	/System/Library/PrivateFrameworks/AppleFSCompression.framework/Versions/A/AppleFSCompression
0x0000000037838000 	/System/Library/PrivateFrameworks/SpeechRecognitionCore.framework/Versions/A/SpeechRecognitionCore
0x0000000037838000 	/System/Library/PrivateFrameworks/ChunkingLibrary.framework/Versions/A/ChunkingLibrary
0x0000000102400000 	/Library/Java/JavaVirtualMachines/jdk1.8.0_60.jdk/Contents/Home/jre/lib/server/libjvm.dylib
0x0000000101a9b000 	/usr/lib/libstdc++.6.dylib
0x0000000101b54000 	/Library/Java/JavaVirtualMachines/jdk1.8.0_60.jdk/Contents/Home/jre/lib/libverify.dylib
0x0000000101b62000 	/Library/Java/JavaVirtualMachines/jdk1.8.0_60.jdk/Contents/Home/jre/lib/libjava.dylib
0x0000000101ba1000 	/Library/Java/JavaVirtualMachines/jdk1.8.0_60.jdk/Contents/Home/jre/lib/libzip.dylib
0x0000000101be2000 	/System/Library/Frameworks/JavaVM.framework/Frameworks/JavaRuntimeSupport.framework/JavaRuntimeSupport
0x0000000115ddf000 	/System/Library/Frameworks/JavaVM.framework/Versions/A/Frameworks/JavaNativeFoundation.framework/Versions/A/JavaNativeFoundation
0x0000000115df4000 	/System/Library/Frameworks/JavaVM.framework/Versions/A/JavaVM
0x0000000037838000 	/System/Library/Frameworks/Carbon.framework/Versions/A/Carbon
0x000000010531d000 	/System/Library/PrivateFrameworks/JavaLaunching.framework/Versions/A/JavaLaunching
0x0000000037838000 	/System/Library/Frameworks/Carbon.framework/Versions/A/Frameworks/CommonPanels.framework/Versions/A/CommonPanels
0x0000000037838000 	/System/Library/Frameworks/Carbon.framework/Versions/A/Frameworks/Help.framework/Versions/A/Help
0x0000000037838000 	/System/Library/Frameworks/Carbon.framework/Versions/A/Frameworks/ImageCapture.framework/Versions/A/ImageCapture
0x0000000037838000 	/System/Library/Frameworks/Carbon.framework/Versions/A/Frameworks/OpenScripting.framework/Versions/A/OpenScripting
0x0000000037838000 	/System/Library/Frameworks/Carbon.framework/Versions/A/Frameworks/Print.framework/Versions/A/Print
0x0000000037838000 	/System/Library/Frameworks/Carbon.framework/Versions/A/Frameworks/SecurityHI.framework/Versions/A/SecurityHI
0x0000000117737000 	/Library/Java/JavaVirtualMachines/jdk1.8.0_60.jdk/Contents/Home/jre/lib/libnet.dylib

VM Arguments:
jvm_args: -Xmx750m 
java_command: edu.stanford.nlp.ie.NERServer -loadClassifier ./stanford-ner-2015-04-20/classifiers/english.muc.7class.distsim.crf.ser.gz -port 1234 -outputFormat inlineXML
java_class_path (initial): ./stanford-ner-2015-04-20/stanford-ner.jar
Launcher Type: SUN_STANDARD

Environment Variables:
PATH=/Users/neptune/.nvm/versions/node/v6.5.0/lib/node_modules/npm/bin/node-gyp-bin:/Users/Shared/Sites/docker-ner-node/node_modules/.bin:/Library/Frameworks/Python.framework/Versions/3.5/bin:/Users/neptune/.rbenv/shims:/Users/neptune/.nvm/versions/node/v6.5.0/bin:/Applications/MAMP/bin/php/php5.6.10/bin:/usr/local/bin:/usr/bin:/bin:/usr/sbin:/sbin:/opt/X11/bin:~/.composer/vendor/bin
SHELL=/usr/local/bin/bash
DISPLAY=/private/tmp/com.apple.launchd.PzmyqKTe6l/org.macosforge.xquartz:0

Signal Handlers:
SIGSEGV: [libjvm.dylib+0x5a6d31], sa_mask[0]=11111111011111110111111111111111, sa_flags=SA_ONSTACK|SA_RESTART|SA_SIGINFO
SIGBUS: [libjvm.dylib+0x5a6d31], sa_mask[0]=11111111011111110111111111111111, sa_flags=SA_RESTART|SA_SIGINFO
SIGFPE: [libjvm.dylib+0x480a4c], sa_mask[0]=11111111011111110111111111111111, sa_flags=SA_RESTART|SA_SIGINFO
SIGPIPE: [libjvm.dylib+0x480a4c], sa_mask[0]=11111111011111110111111111111111, sa_flags=SA_RESTART|SA_SIGINFO
SIGXFSZ: [libjvm.dylib+0x480a4c], sa_mask[0]=11111111011111110111111111111111, sa_flags=SA_RESTART|SA_SIGINFO
SIGILL: [libjvm.dylib+0x480a4c], sa_mask[0]=11111111011111110111111111111111, sa_flags=SA_RESTART|SA_SIGINFO
SIGUSR1: SIG_DFL, sa_mask[0]=11111111011111110111111111111111, sa_flags=none
SIGUSR2: [libjvm.dylib+0x48056a], sa_mask[0]=00000000000000000000000000000000, sa_flags=SA_RESTART|SA_SIGINFO
SIGHUP: [libjvm.dylib+0x47eb41], sa_mask[0]=11111111011111110111111111111111, sa_flags=SA_RESTART|SA_SIGINFO
SIGINT: [libjvm.dylib+0x47eb41], sa_mask[0]=11111111011111110111111111111111, sa_flags=SA_RESTART|SA_SIGINFO
SIGTERM: [libjvm.dylib+0x47eb41], sa_mask[0]=11111111011111110111111111111111, sa_flags=SA_RESTART|SA_SIGINFO
SIGQUIT: [libjvm.dylib+0x47eb41], sa_mask[0]=11111111011111110111111111111111, sa_flags=SA_RESTART|SA_SIGINFO


---------------  S Y S T E M  ---------------

OS:Bsduname:Darwin 16.6.0 Darwin Kernel Version 16.6.0: Fri Apr 14 16:21:16 PDT 2017; root:xnu-3789.60.24~6/RELEASE_X86_64 x86_64
rlimit: STACK 8192k, CORE 0k, NPROC 709, NOFILE 10240, AS infinity
load average:3.20 2.93 2.70

CPU:total 4 (2 cores per cpu, 2 threads per core) family 6 model 78 stepping 3, cmov, cx8, fxsr, mmx, sse, sse2, sse3, ssse3, sse4.1, sse4.2, popcnt, avx, avx2, aes, clmul, erms, rtm, 3dnowpref, lzcnt, ht, tsc, tscinvbit, bmi1, bmi2, adx

Memory: 4k page, physical 16777216k(68600k free)

/proc/meminfo:


vm_info: Java HotSpot(TM) 64-Bit Server VM (25.60-b23) for bsd-amd64 JRE (1.8.0_60-b27), built on Aug  4 2015 10:47:24 by "java_re" with gcc 4.2.1 (Based on Apple Inc. build 5658) (LLVM build 2336.11.00)

time: Sat Jun 24 13:35:55 2017
elapsed time: 35 seconds (0d 0h 0m 35s)

